TN:
SF:app.js
FN:12,(anonymous_0)
FNF:1
FNH:0
FNDA:0,(anonymous_0)
DA:1,1
DA:2,1
DA:3,1
DA:4,1
DA:6,1
DA:8,1
DA:10,1
DA:12,1
DA:13,0
DA:27,1
LF:10
LH:9
BRF:0
BRH:0
end_of_record
TN:
SF:controllers\todo.controller.js
FN:3,(anonymous_0)
FNF:1
FNH:1
FNDA:4,(anonymous_0)
DA:1,2
DA:3,2
DA:4,4
DA:5,4
LF:4
LH:4
BRF:0
BRH:0
end_of_record
TN:
SF:model\todo.model.js
FNF:0
FNH:0
DA:1,2
DA:3,2
DA:16,2
DA:18,2
LF:4
LH:4
BRF:0
BRH:0
end_of_record
TN:
SF:mongodb\mongodb.connect.js
FN:3,connect
FNF:1
FNH:1
FNDA:1,connect
DA:1,1
DA:4,1
DA:5,1
DA:11,0
DA:12,0
DA:17,1
LF:6
LH:4
BRF:0
BRH:0
end_of_record
TN:
SF:routes\todo.routes.js
FNF:0
FNH:0
DA:1,1
DA:2,1
DA:3,1
DA:5,1
DA:7,1
LF:5
LH:5
BRF:0
BRH:0
end_of_record
